<?xml version="1.0" encoding="UTF-8"?>
<testng-results ignored="0" total="1" passed="1" failed="0" skipped="0">
  <reporter-output>
  </reporter-output>
  <suite started-at="2026-08-17T07:34:29 IST" name="Suite" finished-at="2026-08-17T07:34:43 IST" duration-ms="14618">
    <groups>
    </groups>
    <test started-at="2026-08-17T07:34:29 IST" name="Ditto Test" finished-at="2026-08-17T07:34:43 IST" duration-ms="14618">
      <class name="testlayer.DittoHomeTest">
        <test-method is-config="true" signature="setup(java.lang.String,java.lang.String)[pri:0, instance:testlayer.DittoHomeTest@34e9fd99]" started-at="2026-08-17T07:34:29 IST" name="setup" finished-at="2026-08-17T07:34:34 IST" duration-ms="5361" status="PASS">
          <params>
            <param index="0">
              <value>
                <![CDATA[Windows]]>
              </value>
            </param>
            <param index="1">
              <value>
                <![CDATA[chrome]]>
              </value>
            </param>
          </params>
          <reporter-output>
          </reporter-output>
        </test-method> <!-- setup -->
        <test-method signature="Test()[pri:0, instance:testlayer.DittoHomeTest@34e9fd99]" started-at="2026-08-17T07:34:34 IST" name="Test" finished-at="2026-08-17T07:34:43 IST" duration-ms="8440" status="PASS">
          <reporter-output>
          </reporter-output>
        </test-method> <!-- Test -->
        <test-method is-config="true" signature="tearDown()[pri:0, instance:testlayer.DittoHomeTest@34e9fd99]" started-at="2026-08-17T07:34:43 IST" name="tearDown" finished-at="2026-08-17T07:34:43 IST" duration-ms="388" status="PASS">
          <reporter-output>
          </reporter-output>
        </test-method> <!-- tearDown -->
      </class> <!-- testlayer.DittoHomeTest -->
    </test> <!-- Ditto Test -->
  </suite> <!-- Suite -->
</testng-results>
